<?xml version="1.0" encoding="UTF-8"?>
<!-- Generated by org.testng.reporters.JUnitReportReporter -->
<testsuite skipped="0" hostname="LAPTOP-DPSP9O8F" name="com.qa.goRest.RestAPISuite.APISuite" tests="5" failures="0" timestamp="25 Jul 2020 07:30:21 GMT" time="5.970" errors="0">
  <testcase name="TC003_StatusLine" time="0.379" classname="com.qa.goRest.RestAPISuite.APISuite"/>
  <testcase name="TC002_StatusCode" time="0.357" classname="com.qa.goRest.RestAPISuite.APISuite"/>
  <testcase name="TC004_VerifyHeaders" time="0.398" classname="com.qa.goRest.RestAPISuite.APISuite"/>
  <testcase name="TC001_UserDetails" time="4.476" classname="com.qa.goRest.RestAPISuite.APISuite"/>
  <testcase name="TC005_validateDateFromHeaders" time="0.360" classname="com.qa.goRest.RestAPISuite.APISuite"/>
</testsuite> <!-- com.qa.goRest.RestAPISuite.APISuite -->
