<?xml version="1.0" encoding="UTF-8"?>
<!-- Generated by org.testng.reporters.JUnitReportReporter -->
<testsuite skipped="0" hostname="LAPTOP-DPSP9O8F" name="com.qa.goRest.RestAPISuite.APISuite" tests="5" failures="0" timestamp="19 Jul 2020 12:16:08 GMT" time="5.503" errors="0">
  <testcase name="TC003_StatusLine" time="0.342" classname="com.qa.goRest.RestAPISuite.APISuite"/>
  <testcase name="TC005_validateDateFromHeaders" time="0.374" classname="com.qa.goRest.RestAPISuite.APISuite"/>
  <testcase name="TC001_UserDetails" time="4.045" classname="com.qa.goRest.RestAPISuite.APISuite"/>
  <testcase name="TC002_StatusCode" time="0.361" classname="com.qa.goRest.RestAPISuite.APISuite"/>
  <testcase name="TC004_VerifyHeaders" time="0.381" classname="com.qa.goRest.RestAPISuite.APISuite"/>
</testsuite> <!-- com.qa.goRest.RestAPISuite.APISuite -->
